[+] Containers:
 |- [+] Container: /Game/StarterContent/TTT/TTT_level
 |   |- [+] ActorDescs:
 |   |   |- Guid:03920DF94EEFC9F86CC66185D32A3DA1 BaseClass: NativeClass:/Script/Engine.StaticMeshActor Name:StaticMeshActor_UAID_A4AE111137DC54FB00_1240666663 Label:SM_SkySphere SpatiallyLoaded:0 Bounds:IsValid=true, Min=(X=-1638400.000 Y=-1638400.000 Z=-1638400.000), Max=(X=1638400.000 Y=1638400.000 Z=1638400.000) RuntimeGrid:None EditorOnly:0 RuntimeOnly:0 HLODRelevant:0 FolderPath:Lighting FolderGuid:B7E9BD5B45A652654791988DEF54CCEB
 |   |   |- Guid:1D3D26F04B6DC10BEFB5B69E5CF914C8 BaseClass: NativeClass:/Script/Engine.VolumetricCloud Name:VolumetricCloud_UAID_A85E45CFE40401D200_1470381760 Label:VolumetricCloud SpatiallyLoaded:0 Bounds:IsValid=true, Min=(X=0.000 Y=0.000 Z=0.000), Max=(X=0.000 Y=0.000 Z=0.000) RuntimeGrid:None EditorOnly:0 RuntimeOnly:0 HLODRelevant:0 FolderPath:Lighting FolderGuid:B7E9BD5B45A652654791988DEF54CCEB
 |   |   |- Guid:1DE8D7AC4103A2EABA11649C7FCF8ACA BaseClass: NativeClass:/Script/Engine.SkyLight Name:SkyLight_UAID_A85E45CFE40401D200_1470380759 Label:SkyLight SpatiallyLoaded:0 Bounds:IsValid=true, Min=(X=0.000 Y=0.000 Z=0.000), Max=(X=0.000 Y=0.000 Z=0.000) RuntimeGrid:None EditorOnly:0 RuntimeOnly:0 HLODRelevant:0 FolderPath:Lighting FolderGuid:B7E9BD5B45A652654791988DEF54CCEB
 |   |   |- Guid:2CE12F874AA39D020A0F4BA5739BD305 BaseClass: NativeClass:/Script/Engine.SkyAtmosphere Name:SkyAtmosphere_UAID_A85E45CFE40401D200_1470382762 Label:SkyAtmosphere SpatiallyLoaded:0 Bounds:IsValid=true, Min=(X=0.000 Y=0.000 Z=0.000), Max=(X=0.000 Y=0.000 Z=0.000) RuntimeGrid:None EditorOnly:0 RuntimeOnly:0 HLODRelevant:0 FolderPath:Lighting FolderGuid:B7E9BD5B45A652654791988DEF54CCEB
 |   |   |- Guid:33BE642D45AFB6E757984E916831C903 BaseClass: NativeClass:/Script/Landscape.LandscapeStreamingProxy Name:LandscapeStreamingProxy_69KXW9S24YBCUDXFAJ8H28IH8_126_1_2_0 Label:LandscapeStreamingProxy_1_2_0 SpatiallyLoaded:1 Bounds:IsValid=true, Min=(X=2592.000 Y=7120.000 Z=-40.000), Max=(X=7632.000 Y=12160.000 Z=40.000) RuntimeGrid:None EditorOnly:0 RuntimeOnly:0 HLODRelevant:1
 |   |   |- Guid:41CD7DC3497E951720785B84D8739190 BaseClass: NativeClass:/Script/Landscape.LandscapeStreamingProxy Name:LandscapeStreamingProxy_69KXW9S24YBCUDXFAJ8H28IH8_126_0_0_0 Label:LandscapeStreamingProxy_0_0_0 SpatiallyLoaded:1 Bounds:IsValid=true, Min=(X=-2448.000 Y=-2960.000 Z=-40.000), Max=(X=2592.000 Y=2080.000 Z=40.000) RuntimeGrid:None EditorOnly:0 RuntimeOnly:0 HLODRelevant:1
 |   |   |- Guid:4FE80C7D4B50CE0822DB8CA87E3B9656 BaseClass: NativeClass:/Script/Landscape.Landscape Name:Landscape_UAID_2CF05D0D043BEC1002_1829801940 Label:Landscape2 SpatiallyLoaded:0 Bounds:IsValid=true, Min=(X=-2448.000 Y=-2960.000 Z=0.000), Max=(X=-2448.000 Y=-2960.000 Z=0.000) RuntimeGrid:None EditorOnly:0 RuntimeOnly:0 HLODRelevant:0
 |   |   |- Guid:5368FABB47D6D9580DAECA8B0417BF92 BaseClass: NativeClass:/Script/Engine.WorldDataLayers Name:WorldDataLayers Label:WorldDataLayers-1 SpatiallyLoaded:0 Bounds:IsValid=true, Min=(X=0.000 Y=0.000 Z=0.000), Max=(X=0.000 Y=0.000 Z=0.000) RuntimeGrid:None EditorOnly:0 RuntimeOnly:0 HLODRelevant:0
 |   |   |- Guid:677A771348E2E96E60C5338B05E56A67 BaseClass: NativeClass:/Script/Landscape.LandscapeStreamingProxy Name:LandscapeStreamingProxy_69KXW9S24YBCUDXFAJ8H28IH8_126_1_0_0 Label:LandscapeStreamingProxy_1_0_0 SpatiallyLoaded:1 Bounds:IsValid=true, Min=(X=2592.000 Y=-2960.000 Z=-40.000), Max=(X=7632.000 Y=2080.000 Z=40.000) RuntimeGrid:None EditorOnly:0 RuntimeOnly:0 HLODRelevant:1
 |   |   |- Guid:6E83986448E7C15BD3C95292325695DE BaseClass: NativeClass:/Script/Landscape.LandscapeStreamingProxy Name:LandscapeStreamingProxy_69KXW9S24YBCUDXFAJ8H28IH8_126_1_1_0 Label:LandscapeStreamingProxy_1_1_0 SpatiallyLoaded:1 Bounds:IsValid=true, Min=(X=2592.000 Y=2080.000 Z=-40.000), Max=(X=7632.000 Y=7120.000 Z=40.000) RuntimeGrid:None EditorOnly:0 RuntimeOnly:0 HLODRelevant:1
 |   |   |- Guid:7B80670947C69B5CD7B9008827D7C709 BaseClass:/Game/StarterContent/TTT/TTT_Grid.TTT_Grid_C NativeClass:/Script/Engine.Actor Name:TTT_Grid_C_UAID_2CF05D0D043BED1002_1277683122 Label:TTT_Grid SpatiallyLoaded:1 Bounds:IsValid=true, Min=(X=-700.000 Y=-530.000 Z=-50.000), Max=(X=810.000 Y=980.000 Z=50.000) RuntimeGrid:None EditorOnly:0 RuntimeOnly:0 HLODRelevant:0
 |   |   |- Guid:80C7C1FA44B8C01C368B55B8990CC7F8 BaseClass: NativeClass:/Script/Landscape.LandscapeStreamingProxy Name:LandscapeStreamingProxy_69KXW9S24YBCUDXFAJ8H28IH8_126_0_1_0 Label:LandscapeStreamingProxy_0_1_0 SpatiallyLoaded:1 Bounds:IsValid=true, Min=(X=-2448.000 Y=2080.000 Z=-40.000), Max=(X=2592.000 Y=7120.000 Z=40.000) RuntimeGrid:None EditorOnly:0 RuntimeOnly:0 HLODRelevant:1
 |   |   |- Guid:89455BC24A6865ED312A00A7A2EC78D2 BaseClass: NativeClass:/Script/Engine.CameraActor Name:CameraActor_UAID_2CF05D0D043BEC1002_2120957944 Label:CameraActor SpatiallyLoaded:1 Bounds:IsValid=true, Min=(X=40.000 Y=160.000 Z=2000.000), Max=(X=40.000 Y=160.000 Z=2000.000) RuntimeGrid:None EditorOnly:0 RuntimeOnly:0 HLODRelevant:0
 |   |   |- Guid:A14FBE5946025246DB1405B72D77E6A1 BaseClass: NativeClass:/Script/Landscape.LandscapeStreamingProxy Name:LandscapeStreamingProxy_69KXW9S24YBCUDXFAJ8H28IH8_126_3_0_0 Label:LandscapeStreamingProxy_3_0_0 SpatiallyLoaded:1 Bounds:IsValid=true, Min=(X=12672.000 Y=-2960.000 Z=-40.000), Max=(X=17712.000 Y=2080.000 Z=40.000) RuntimeGrid:None EditorOnly:0 RuntimeOnly:0 HLODRelevant:1
 |   |   |- Guid:A3247A0B48C0F473FDC8458096DF917F BaseClass: NativeClass:/Script/Landscape.LandscapeStreamingProxy Name:LandscapeStreamingProxy_69KXW9S24YBCUDXFAJ8H28IH8_126_2_3_0 Label:LandscapeStreamingProxy_2_3_0 SpatiallyLoaded:1 Bounds:IsValid=true, Min=(X=7632.000 Y=12160.000 Z=-40.000), Max=(X=12672.000 Y=17200.000 Z=40.000) RuntimeGrid:None EditorOnly:0 RuntimeOnly:0 HLODRelevant:1
 |   |   |- Guid:A65D04454473C7C4BAFC49BADD12F792 BaseClass: NativeClass:/Script/Landscape.LandscapeStreamingProxy Name:LandscapeStreamingProxy_69KXW9S24YBCUDXFAJ8H28IH8_126_3_1_0 Label:LandscapeStreamingProxy_3_1_0 SpatiallyLoaded:1 Bounds:IsValid=true, Min=(X=12672.000 Y=2080.000 Z=-40.000), Max=(X=17712.000 Y=7120.000 Z=40.000) RuntimeGrid:None EditorOnly:0 RuntimeOnly:0 HLODRelevant:1
 |   |   |- Guid:AAAC6B5742760A58C2206DB37E44683C BaseClass: NativeClass:/Script/Engine.DirectionalLight Name:DirectionalLight_UAID_A85E45CFE40401D200_1470382761 Label:DirectionalLight SpatiallyLoaded:0 Bounds:IsValid=true, Min=(X=-4398046511104.000 Y=-4398046511104.000 Z=-4398046511104.000), Max=(X=4398046511104.000 Y=4398046511104.000 Z=4398046511104.000) RuntimeGrid:None EditorOnly:0 RuntimeOnly:0 HLODRelevant:0 FolderPath:Lighting FolderGuid:B7E9BD5B45A652654791988DEF54CCEB
 |   |   |- Guid:C337CD88490E3E176330D69B915AEB67 BaseClass: NativeClass:/Script/Landscape.LandscapeStreamingProxy Name:LandscapeStreamingProxy_69KXW9S24YBCUDXFAJ8H28IH8_126_0_3_0 Label:LandscapeStreamingProxy_0_3_0 SpatiallyLoaded:1 Bounds:IsValid=true, Min=(X=-2448.000 Y=12160.000 Z=-40.000), Max=(X=2592.000 Y=17200.000 Z=40.000) RuntimeGrid:None EditorOnly:0 RuntimeOnly:0 HLODRelevant:1
 |   |   |- Guid:C801CAAF49B31B28A52AFEA2AFF1F594 BaseClass: NativeClass:/Script/Landscape.LandscapeStreamingProxy Name:LandscapeStreamingProxy_69KXW9S24YBCUDXFAJ8H28IH8_126_2_0_0 Label:LandscapeStreamingProxy_2_0_0 SpatiallyLoaded:1 Bounds:IsValid=true, Min=(X=7632.000 Y=-2960.000 Z=-40.000), Max=(X=12672.000 Y=2080.000 Z=40.000) RuntimeGrid:None EditorOnly:0 RuntimeOnly:0 HLODRelevant:1
 |   |   |- Guid:CF2FE8C94A2A1B61124347B479AD9FC8 BaseClass: NativeClass:/Script/Landscape.LandscapeStreamingProxy Name:LandscapeStreamingProxy_69KXW9S24YBCUDXFAJ8H28IH8_126_1_3_0 Label:LandscapeStreamingProxy_1_3_0 SpatiallyLoaded:1 Bounds:IsValid=true, Min=(X=2592.000 Y=12160.000 Z=-40.000), Max=(X=7632.000 Y=17200.000 Z=40.000) RuntimeGrid:None EditorOnly:0 RuntimeOnly:0 HLODRelevant:1
 |   |   |- Guid:D3FB7383421AAEFD3DB6F8B1E415A9FE BaseClass: NativeClass:/Script/Engine.ExponentialHeightFog Name:ExponentialHeightFog_UAID_A85E45CFE40401D200_1470382763 Label:ExponentialHeightFog SpatiallyLoaded:0 Bounds:IsValid=true, Min=(X=-5600.000 Y=-50.000 Z=-6850.000), Max=(X=-5600.000 Y=-50.000 Z=-6850.000) RuntimeGrid:None EditorOnly:0 RuntimeOnly:0 HLODRelevant:0 FolderPath:Lighting FolderGuid:B7E9BD5B45A652654791988DEF54CCEB
 |   |   |- Guid:D876FDA446F6E184298D4397575CBCD2 BaseClass: NativeClass:/Script/Landscape.LandscapeStreamingProxy Name:LandscapeStreamingProxy_69KXW9S24YBCUDXFAJ8H28IH8_126_0_2_0 Label:LandscapeStreamingProxy_0_2_0 SpatiallyLoaded:1 Bounds:IsValid=true, Min=(X=-2448.000 Y=7120.000 Z=-40.000), Max=(X=2592.000 Y=12160.000 Z=40.000) RuntimeGrid:None EditorOnly:0 RuntimeOnly:0 HLODRelevant:1
 |   |   |- Guid:E605191645F9420F9150DB9B45D10D3A BaseClass: NativeClass:/Script/Landscape.LandscapeStreamingProxy Name:LandscapeStreamingProxy_69KXW9S24YBCUDXFAJ8H28IH8_126_3_3_0 Label:LandscapeStreamingProxy_3_3_0 SpatiallyLoaded:1 Bounds:IsValid=true, Min=(X=12672.000 Y=12160.000 Z=-40.000), Max=(X=17712.000 Y=17200.000 Z=40.000) RuntimeGrid:None EditorOnly:0 RuntimeOnly:0 HLODRelevant:1
 |   |   |- Guid:EDBA96A546C03C959BA14AA18398CE65 BaseClass: NativeClass:/Script/Landscape.LandscapeStreamingProxy Name:LandscapeStreamingProxy_69KXW9S24YBCUDXFAJ8H28IH8_126_2_2_0 Label:LandscapeStreamingProxy_2_2_0 SpatiallyLoaded:1 Bounds:IsValid=true, Min=(X=7632.000 Y=7120.000 Z=-40.000), Max=(X=12672.000 Y=12160.000 Z=40.000) RuntimeGrid:None EditorOnly:0 RuntimeOnly:0 HLODRelevant:1
 |   |   |- Guid:FABE64A74FF90ECE6E3601AF97DBA50B BaseClass: NativeClass:/Script/Landscape.LandscapeStreamingProxy Name:LandscapeStreamingProxy_69KXW9S24YBCUDXFAJ8H28IH8_126_3_2_0 Label:LandscapeStreamingProxy_3_2_0 SpatiallyLoaded:1 Bounds:IsValid=true, Min=(X=12672.000 Y=7120.000 Z=-40.000), Max=(X=17712.000 Y=12160.000 Z=40.000) RuntimeGrid:None EditorOnly:0 RuntimeOnly:0 HLODRelevant:1
 |   |   |- Guid:FC09416E493103B5E57DD0A747DD4B27 BaseClass: NativeClass:/Script/Landscape.LandscapeStreamingProxy Name:LandscapeStreamingProxy_69KXW9S24YBCUDXFAJ8H28IH8_126_2_1_0 Label:LandscapeStreamingProxy_2_1_0 SpatiallyLoaded:1 Bounds:IsValid=true, Min=(X=7632.000 Y=2080.000 Z=-40.000), Max=(X=12672.000 Y=7120.000 Z=40.000) RuntimeGrid:None EditorOnly:0 RuntimeOnly:0 HLODRelevant:1
 |   |- [+] Clusters:
 |   |   |- [+] [  0]
 |   |   |   |- Guid:1D3D26F04B6DC10BEFB5B69E5CF914C8 BaseClass: NativeClass:/Script/Engine.VolumetricCloud Name:VolumetricCloud_UAID_A85E45CFE40401D200_1470381760 Label:VolumetricCloud SpatiallyLoaded:0 Bounds:IsValid=true, Min=(X=0.000 Y=0.000 Z=0.000), Max=(X=0.000 Y=0.000 Z=0.000) RuntimeGrid:None EditorOnly:0 RuntimeOnly:0 HLODRelevant:0 FolderPath:Lighting FolderGuid:B7E9BD5B45A652654791988DEF54CCEB
 |   |   |- [+] [  1]
 |   |   |   |- Guid:AAAC6B5742760A58C2206DB37E44683C BaseClass: NativeClass:/Script/Engine.DirectionalLight Name:DirectionalLight_UAID_A85E45CFE40401D200_1470382761 Label:DirectionalLight SpatiallyLoaded:0 Bounds:IsValid=true, Min=(X=-4398046511104.000 Y=-4398046511104.000 Z=-4398046511104.000), Max=(X=4398046511104.000 Y=4398046511104.000 Z=4398046511104.000) RuntimeGrid:None EditorOnly:0 RuntimeOnly:0 HLODRelevant:0 FolderPath:Lighting FolderGuid:B7E9BD5B45A652654791988DEF54CCEB
 |   |   |- [+] [  2]
 |   |   |   |- Guid:6E83986448E7C15BD3C95292325695DE BaseClass: NativeClass:/Script/Landscape.LandscapeStreamingProxy Name:LandscapeStreamingProxy_69KXW9S24YBCUDXFAJ8H28IH8_126_1_1_0 Label:LandscapeStreamingProxy_1_1_0 SpatiallyLoaded:1 Bounds:IsValid=true, Min=(X=2592.000 Y=2080.000 Z=-40.000), Max=(X=7632.000 Y=7120.000 Z=40.000) RuntimeGrid:None EditorOnly:0 RuntimeOnly:0 HLODRelevant:1
 |   |   |- [+] [  3]
 |   |   |   |- Guid:FC09416E493103B5E57DD0A747DD4B27 BaseClass: NativeClass:/Script/Landscape.LandscapeStreamingProxy Name:LandscapeStreamingProxy_69KXW9S24YBCUDXFAJ8H28IH8_126_2_1_0 Label:LandscapeStreamingProxy_2_1_0 SpatiallyLoaded:1 Bounds:IsValid=true, Min=(X=7632.000 Y=2080.000 Z=-40.000), Max=(X=12672.000 Y=7120.000 Z=40.000) RuntimeGrid:None EditorOnly:0 RuntimeOnly:0 HLODRelevant:1
 |   |   |- [+] [  4]
 |   |   |   |- Guid:2CE12F874AA39D020A0F4BA5739BD305 BaseClass: NativeClass:/Script/Engine.SkyAtmosphere Name:SkyAtmosphere_UAID_A85E45CFE40401D200_1470382762 Label:SkyAtmosphere SpatiallyLoaded:0 Bounds:IsValid=true, Min=(X=0.000 Y=0.000 Z=0.000), Max=(X=0.000 Y=0.000 Z=0.000) RuntimeGrid:None EditorOnly:0 RuntimeOnly:0 HLODRelevant:0 FolderPath:Lighting FolderGuid:B7E9BD5B45A652654791988DEF54CCEB
 |   |   |- [+] [  5]
 |   |   |   |- Guid:4FE80C7D4B50CE0822DB8CA87E3B9656 BaseClass: NativeClass:/Script/Landscape.Landscape Name:Landscape_UAID_2CF05D0D043BEC1002_1829801940 Label:Landscape2 SpatiallyLoaded:0 Bounds:IsValid=true, Min=(X=-2448.000 Y=-2960.000 Z=0.000), Max=(X=-2448.000 Y=-2960.000 Z=0.000) RuntimeGrid:None EditorOnly:0 RuntimeOnly:0 HLODRelevant:0
 |   |   |- [+] [  6]
 |   |   |   |- Guid:677A771348E2E96E60C5338B05E56A67 BaseClass: NativeClass:/Script/Landscape.LandscapeStreamingProxy Name:LandscapeStreamingProxy_69KXW9S24YBCUDXFAJ8H28IH8_126_1_0_0 Label:LandscapeStreamingProxy_1_0_0 SpatiallyLoaded:1 Bounds:IsValid=true, Min=(X=2592.000 Y=-2960.000 Z=-40.000), Max=(X=7632.000 Y=2080.000 Z=40.000) RuntimeGrid:None EditorOnly:0 RuntimeOnly:0 HLODRelevant:1
 |   |   |- [+] [  7]
 |   |   |   |- Guid:C801CAAF49B31B28A52AFEA2AFF1F594 BaseClass: NativeClass:/Script/Landscape.LandscapeStreamingProxy Name:LandscapeStreamingProxy_69KXW9S24YBCUDXFAJ8H28IH8_126_2_0_0 Label:LandscapeStreamingProxy_2_0_0 SpatiallyLoaded:1 Bounds:IsValid=true, Min=(X=7632.000 Y=-2960.000 Z=-40.000), Max=(X=12672.000 Y=2080.000 Z=40.000) RuntimeGrid:None EditorOnly:0 RuntimeOnly:0 HLODRelevant:1
 |   |   |- [+] [  8]
 |   |   |   |- Guid:D3FB7383421AAEFD3DB6F8B1E415A9FE BaseClass: NativeClass:/Script/Engine.ExponentialHeightFog Name:ExponentialHeightFog_UAID_A85E45CFE40401D200_1470382763 Label:ExponentialHeightFog SpatiallyLoaded:0 Bounds:IsValid=true, Min=(X=-5600.000 Y=-50.000 Z=-6850.000), Max=(X=-5600.000 Y=-50.000 Z=-6850.000) RuntimeGrid:None EditorOnly:0 RuntimeOnly:0 HLODRelevant:0 FolderPath:Lighting FolderGuid:B7E9BD5B45A652654791988DEF54CCEB
 |   |   |- [+] [  9]
 |   |   |   |- Guid:1DE8D7AC4103A2EABA11649C7FCF8ACA BaseClass: NativeClass:/Script/Engine.SkyLight Name:SkyLight_UAID_A85E45CFE40401D200_1470380759 Label:SkyLight SpatiallyLoaded:0 Bounds:IsValid=true, Min=(X=0.000 Y=0.000 Z=0.000), Max=(X=0.000 Y=0.000 Z=0.000) RuntimeGrid:None EditorOnly:0 RuntimeOnly:0 HLODRelevant:0 FolderPath:Lighting FolderGuid:B7E9BD5B45A652654791988DEF54CCEB
 |   |   |- [+] [ 10]
 |   |   |   |- Guid:CF2FE8C94A2A1B61124347B479AD9FC8 BaseClass: NativeClass:/Script/Landscape.LandscapeStreamingProxy Name:LandscapeStreamingProxy_69KXW9S24YBCUDXFAJ8H28IH8_126_1_3_0 Label:LandscapeStreamingProxy_1_3_0 SpatiallyLoaded:1 Bounds:IsValid=true, Min=(X=2592.000 Y=12160.000 Z=-40.000), Max=(X=7632.000 Y=17200.000 Z=40.000) RuntimeGrid:None EditorOnly:0 RuntimeOnly:0 HLODRelevant:1
 |   |   |- [+] [ 11]
 |   |   |   |- Guid:5368FABB47D6D9580DAECA8B0417BF92 BaseClass: NativeClass:/Script/Engine.WorldDataLayers Name:WorldDataLayers Label:WorldDataLayers-1 SpatiallyLoaded:0 Bounds:IsValid=true, Min=(X=0.000 Y=0.000 Z=0.000), Max=(X=0.000 Y=0.000 Z=0.000) RuntimeGrid:None EditorOnly:0 RuntimeOnly:0 HLODRelevant:0
 |   |   |- [+] [ 12]
 |   |   |   |- Guid:03920DF94EEFC9F86CC66185D32A3DA1 BaseClass: NativeClass:/Script/Engine.StaticMeshActor Name:StaticMeshActor_UAID_A4AE111137DC54FB00_1240666663 Label:SM_SkySphere SpatiallyLoaded:0 Bounds:IsValid=true, Min=(X=-1638400.000 Y=-1638400.000 Z=-1638400.000), Max=(X=1638400.000 Y=1638400.000 Z=1638400.000) RuntimeGrid:None EditorOnly:0 RuntimeOnly:0 HLODRelevant:0 FolderPath:Lighting FolderGuid:B7E9BD5B45A652654791988DEF54CCEB
 |   |   |- [+] [ 13]
 |   |   |   |- Guid:80C7C1FA44B8C01C368B55B8990CC7F8 BaseClass: NativeClass:/Script/Landscape.LandscapeStreamingProxy Name:LandscapeStreamingProxy_69KXW9S24YBCUDXFAJ8H28IH8_126_0_1_0 Label:LandscapeStreamingProxy_0_1_0 SpatiallyLoaded:1 Bounds:IsValid=true, Min=(X=-2448.000 Y=2080.000 Z=-40.000), Max=(X=2592.000 Y=7120.000 Z=40.000) RuntimeGrid:None EditorOnly:0 RuntimeOnly:0 HLODRelevant:1
 |   |   |- [+] [ 14]
 |   |   |   |- Guid:89455BC24A6865ED312A00A7A2EC78D2 BaseClass: NativeClass:/Script/Engine.CameraActor Name:CameraActor_UAID_2CF05D0D043BEC1002_2120957944 Label:CameraActor SpatiallyLoaded:1 Bounds:IsValid=true, Min=(X=40.000 Y=160.000 Z=2000.000), Max=(X=40.000 Y=160.000 Z=2000.000) RuntimeGrid:None EditorOnly:0 RuntimeOnly:0 HLODRelevant:0
 |   |   |- [+] [ 15]
 |   |   |   |- Guid:A14FBE5946025246DB1405B72D77E6A1 BaseClass: NativeClass:/Script/Landscape.LandscapeStreamingProxy Name:LandscapeStreamingProxy_69KXW9S24YBCUDXFAJ8H28IH8_126_3_0_0 Label:LandscapeStreamingProxy_3_0_0 SpatiallyLoaded:1 Bounds:IsValid=true, Min=(X=12672.000 Y=-2960.000 Z=-40.000), Max=(X=17712.000 Y=2080.000 Z=40.000) RuntimeGrid:None EditorOnly:0 RuntimeOnly:0 HLODRelevant:1
 |   |   |- [+] [ 16]
 |   |   |   |- Guid:D876FDA446F6E184298D4397575CBCD2 BaseClass: NativeClass:/Script/Landscape.LandscapeStreamingProxy Name:LandscapeStreamingProxy_69KXW9S24YBCUDXFAJ8H28IH8_126_0_2_0 Label:LandscapeStreamingProxy_0_2_0 SpatiallyLoaded:1 Bounds:IsValid=true, Min=(X=-2448.000 Y=7120.000 Z=-40.000), Max=(X=2592.000 Y=12160.000 Z=40.000) RuntimeGrid:None EditorOnly:0 RuntimeOnly:0 HLODRelevant:1
 |   |   |- [+] [ 17]
 |   |   |   |- Guid:EDBA96A546C03C959BA14AA18398CE65 BaseClass: NativeClass:/Script/Landscape.LandscapeStreamingProxy Name:LandscapeStreamingProxy_69KXW9S24YBCUDXFAJ8H28IH8_126_2_2_0 Label:LandscapeStreamingProxy_2_2_0 SpatiallyLoaded:1 Bounds:IsValid=true, Min=(X=7632.000 Y=7120.000 Z=-40.000), Max=(X=12672.000 Y=12160.000 Z=40.000) RuntimeGrid:None EditorOnly:0 RuntimeOnly:0 HLODRelevant:1
 |   |   |- [+] [ 18]
 |   |   |   |- Guid:C337CD88490E3E176330D69B915AEB67 BaseClass: NativeClass:/Script/Landscape.LandscapeStreamingProxy Name:LandscapeStreamingProxy_69KXW9S24YBCUDXFAJ8H28IH8_126_0_3_0 Label:LandscapeStreamingProxy_0_3_0 SpatiallyLoaded:1 Bounds:IsValid=true, Min=(X=-2448.000 Y=12160.000 Z=-40.000), Max=(X=2592.000 Y=17200.000 Z=40.000) RuntimeGrid:None EditorOnly:0 RuntimeOnly:0 HLODRelevant:1
 |   |   |- [+] [ 19]
 |   |   |   |- Guid:7B80670947C69B5CD7B9008827D7C709 BaseClass:/Game/StarterContent/TTT/TTT_Grid.TTT_Grid_C NativeClass:/Script/Engine.Actor Name:TTT_Grid_C_UAID_2CF05D0D043BED1002_1277683122 Label:TTT_Grid SpatiallyLoaded:1 Bounds:IsValid=true, Min=(X=-700.000 Y=-530.000 Z=-50.000), Max=(X=810.000 Y=980.000 Z=50.000) RuntimeGrid:None EditorOnly:0 RuntimeOnly:0 HLODRelevant:0
 |   |   |- [+] [ 20]
 |   |   |   |- Guid:41CD7DC3497E951720785B84D8739190 BaseClass: NativeClass:/Script/Landscape.LandscapeStreamingProxy Name:LandscapeStreamingProxy_69KXW9S24YBCUDXFAJ8H28IH8_126_0_0_0 Label:LandscapeStreamingProxy_0_0_0 SpatiallyLoaded:1 Bounds:IsValid=true, Min=(X=-2448.000 Y=-2960.000 Z=-40.000), Max=(X=2592.000 Y=2080.000 Z=40.000) RuntimeGrid:None EditorOnly:0 RuntimeOnly:0 HLODRelevant:1
 |   |   |- [+] [ 21]
 |   |   |   |- Guid:A65D04454473C7C4BAFC49BADD12F792 BaseClass: NativeClass:/Script/Landscape.LandscapeStreamingProxy Name:LandscapeStreamingProxy_69KXW9S24YBCUDXFAJ8H28IH8_126_3_1_0 Label:LandscapeStreamingProxy_3_1_0 SpatiallyLoaded:1 Bounds:IsValid=true, Min=(X=12672.000 Y=2080.000 Z=-40.000), Max=(X=17712.000 Y=7120.000 Z=40.000) RuntimeGrid:None EditorOnly:0 RuntimeOnly:0 HLODRelevant:1
 |   |   |- [+] [ 22]
 |   |   |   |- Guid:E605191645F9420F9150DB9B45D10D3A BaseClass: NativeClass:/Script/Landscape.LandscapeStreamingProxy Name:LandscapeStreamingProxy_69KXW9S24YBCUDXFAJ8H28IH8_126_3_3_0 Label:LandscapeStreamingProxy_3_3_0 SpatiallyLoaded:1 Bounds:IsValid=true, Min=(X=12672.000 Y=12160.000 Z=-40.000), Max=(X=17712.000 Y=17200.000 Z=40.000) RuntimeGrid:None EditorOnly:0 RuntimeOnly:0 HLODRelevant:1
 |   |   |- [+] [ 23]
 |   |   |   |- Guid:33BE642D45AFB6E757984E916831C903 BaseClass: NativeClass:/Script/Landscape.LandscapeStreamingProxy Name:LandscapeStreamingProxy_69KXW9S24YBCUDXFAJ8H28IH8_126_1_2_0 Label:LandscapeStreamingProxy_1_2_0 SpatiallyLoaded:1 Bounds:IsValid=true, Min=(X=2592.000 Y=7120.000 Z=-40.000), Max=(X=7632.000 Y=12160.000 Z=40.000) RuntimeGrid:None EditorOnly:0 RuntimeOnly:0 HLODRelevant:1
 |   |   |- [+] [ 24]
 |   |   |   |- Guid:FABE64A74FF90ECE6E3601AF97DBA50B BaseClass: NativeClass:/Script/Landscape.LandscapeStreamingProxy Name:LandscapeStreamingProxy_69KXW9S24YBCUDXFAJ8H28IH8_126_3_2_0 Label:LandscapeStreamingProxy_3_2_0 SpatiallyLoaded:1 Bounds:IsValid=true, Min=(X=12672.000 Y=7120.000 Z=-40.000), Max=(X=17712.000 Y=12160.000 Z=40.000) RuntimeGrid:None EditorOnly:0 RuntimeOnly:0 HLODRelevant:1
 |   |   |- [+] [ 25]
 |   |   |   |- Guid:A3247A0B48C0F473FDC8458096DF917F BaseClass: NativeClass:/Script/Landscape.LandscapeStreamingProxy Name:LandscapeStreamingProxy_69KXW9S24YBCUDXFAJ8H28IH8_126_2_3_0 Label:LandscapeStreamingProxy_2_3_0 SpatiallyLoaded:1 Bounds:IsValid=true, Min=(X=7632.000 Y=12160.000 Z=-40.000), Max=(X=12672.000 Y=17200.000 Z=40.000) RuntimeGrid:None EditorOnly:0 RuntimeOnly:0 HLODRelevant:1
 |- ContainerInstances:
 |- [+] MainContainer:
 |   |-        ID: 0x0000000000000000
 |   |-    Bounds: IsValid=true, Min=(X=-2448.000 Y=-2960.000 Z=-50.000), Max=(X=17712.000 Y=17200.000 Z=2000.000)
 |   |- Transform: 0.000000,0.000000,0.000000|0.000000,0.000000,-0.000000|1.000000,1.000000,1.000000
 |   |- Container: /Game/StarterContent/TTT/TTT_level
----------------------------------------------------------------------------------------------------------------
TTT_level - Persistent Level
----------------------------------------------------------------------------------------------------------------
Always loaded Actor Count: 32 

----------------------------------------------------------------------------------------------------------------
TTT_level - Runtime Spatial Hash - Streaming Grid - MainGrid
----------------------------------------------------------------------------------------------------------------
            Origin: X=0.000 Y=0.000 Z=0.000
         Cell Size: 25600
      World Bounds: IsValid=true, Min=(X=-2448.000 Y=-2960.000 Z=-50.000), Max=(X=17712.000 Y=17200.000 Z=2000.000)
     Loading Range: 76800.00
Block Slow Loading: No
 ClientOnlyVisible: No

[+] Grid Levels: 2
 |- Level  0: Cell Count    2 | Cell Size   25600 | Actor Count   17 (100.0%)
 |- Level  1: Cell Count    0 | Cell Size   51200 | Actor Count    0 (0.0%)

[+] Content of Grid Level 0
 |- [+] Content of Cell MainGrid_L0_X0_Y0
 |   |- Actor Count: 13
 |   |- MinMaxZ: X=-40.000 Y=2000.000
 |   |- Actor Path: /Game/StarterContent/TTT/TTT_level.TTT_level:PersistentLevel.LandscapeStreamingProxy_69KXW9S24YBCUDXFAJ8H28IH8_126_1_1_0
 |   |- Actor Package: /Game/__ExternalActors__/StarterContent/TTT/TTT_level/3/4M/982K6WN1MK4M6K6CVO5ZOO
 |   |- Actor Path: /Game/StarterContent/TTT/TTT_level.TTT_level:PersistentLevel.LandscapeStreamingProxy_69KXW9S24YBCUDXFAJ8H28IH8_126_2_1_0
 |   |- Actor Package: /Game/__ExternalActors__/StarterContent/TTT/TTT_level/3/3Q/2G7MYXPADL1UAGDASYJ1LY
 |   |- Actor Path: /Game/StarterContent/TTT/TTT_level.TTT_level:PersistentLevel.LandscapeStreamingProxy_69KXW9S24YBCUDXFAJ8H28IH8_126_1_3_0
 |   |- Actor Package: /Game/__ExternalActors__/StarterContent/TTT/TTT_level/8/PQ/GS4LVEE8E623G6YTK4OECH
 |   |- Actor Path: /Game/StarterContent/TTT/TTT_level.TTT_level:PersistentLevel.LandscapeStreamingProxy_69KXW9S24YBCUDXFAJ8H28IH8_126_0_1_0
 |   |- Actor Package: /Game/__ExternalActors__/StarterContent/TTT/TTT_level/B/4K/BY2V9WKMPVA4YV5RT5QQE0
 |   |- Actor Path: /Game/StarterContent/TTT/TTT_level.TTT_level:PersistentLevel.CameraActor_UAID_2CF05D0D043BEC1002_2120957944
 |   |- Actor Package: /Game/__ExternalActors__/StarterContent/TTT/TTT_level/B/ZW/G0YPV3VGQRGWQRCUWDK5EH
 |   |- Actor Path: /Game/StarterContent/TTT/TTT_level.TTT_level:PersistentLevel.LandscapeStreamingProxy_69KXW9S24YBCUDXFAJ8H28IH8_126_0_2_0
 |   |- Actor Package: /Game/__ExternalActors__/StarterContent/TTT/TTT_level/1/DI/AN8S1LQ3KU2G72ASN1KQNH
 |   |- Actor Path: /Game/StarterContent/TTT/TTT_level.TTT_level:PersistentLevel.LandscapeStreamingProxy_69KXW9S24YBCUDXFAJ8H28IH8_126_2_2_0
 |   |- Actor Package: /Game/__ExternalActors__/StarterContent/TTT/TTT_level/4/87/C70HDYTJZFJNGT0USPPF6F
 |   |- Actor Path: /Game/StarterContent/TTT/TTT_level.TTT_level:PersistentLevel.LandscapeStreamingProxy_69KXW9S24YBCUDXFAJ8H28IH8_126_0_3_0
 |   |- Actor Package: /Game/__ExternalActors__/StarterContent/TTT/TTT_level/4/4G/BT67MES0WGUKI9TM2WHEP9
 |   |- Actor Path: /Game/StarterContent/TTT/TTT_level.TTT_level:PersistentLevel.LandscapeStreamingProxy_69KXW9S24YBCUDXFAJ8H28IH8_126_3_1_0
 |   |- Actor Package: /Game/__ExternalActors__/StarterContent/TTT/TTT_level/6/2Z/HTU1Q5P3FXY2M42KYKCBZ2
 |   |- Actor Path: /Game/StarterContent/TTT/TTT_level.TTT_level:PersistentLevel.LandscapeStreamingProxy_69KXW9S24YBCUDXFAJ8H28IH8_126_3_3_0
 |   |- Actor Package: /Game/__ExternalActors__/StarterContent/TTT/TTT_level/E/YX/UXGX1FPKD8HBBQ9XT4R2WE
 |   |- Actor Path: /Game/StarterContent/TTT/TTT_level.TTT_level:PersistentLevel.LandscapeStreamingProxy_69KXW9S24YBCUDXFAJ8H28IH8_126_1_2_0
 |   |- Actor Package: /Game/__ExternalActors__/StarterContent/TTT/TTT_level/2/GW/K0GJYW55V3III3D3US9VMF
 |   |- Actor Path: /Game/StarterContent/TTT/TTT_level.TTT_level:PersistentLevel.LandscapeStreamingProxy_69KXW9S24YBCUDXFAJ8H28IH8_126_3_2_0
 |   |- Actor Package: /Game/__ExternalActors__/StarterContent/TTT/TTT_level/2/RY/TUUY26V7PYJIFXDDI3S3XT
 |   |- Actor Path: /Game/StarterContent/TTT/TTT_level.TTT_level:PersistentLevel.LandscapeStreamingProxy_69KXW9S24YBCUDXFAJ8H28IH8_126_2_3_0
 |   |- Actor Package: /Game/__ExternalActors__/StarterContent/TTT/TTT_level/7/RO/PI7W77JERS0FEE86P5EQZP
 |- [+] Content of Cell MainGrid_L0_X0_Y-1
 |   |- Actor Count: 4
 |   |- MinMaxZ: X=-40.000 Y=40.000
 |   |- Actor Path: /Game/StarterContent/TTT/TTT_level.TTT_level:PersistentLevel.LandscapeStreamingProxy_69KXW9S24YBCUDXFAJ8H28IH8_126_1_0_0
 |   |- Actor Package: /Game/__ExternalActors__/StarterContent/TTT/TTT_level/5/B9/QSQ6C8F32JR3IEVKGHNMQ6
 |   |- Actor Path: /Game/StarterContent/TTT/TTT_level.TTT_level:PersistentLevel.LandscapeStreamingProxy_69KXW9S24YBCUDXFAJ8H28IH8_126_2_0_0
 |   |- Actor Package: /Game/__ExternalActors__/StarterContent/TTT/TTT_level/5/B6/R2S3OX7KKFHJ2VJ8Z7J3HN
 |   |- Actor Path: /Game/StarterContent/TTT/TTT_level.TTT_level:PersistentLevel.LandscapeStreamingProxy_69KXW9S24YBCUDXFAJ8H28IH8_126_3_0_0
 |   |- Actor Package: /Game/__ExternalActors__/StarterContent/TTT/TTT_level/A/MF/G3VW0LXL2K6F9NJSUH0F6W
 |   |- Actor Path: /Game/StarterContent/TTT/TTT_level.TTT_level:PersistentLevel.LandscapeStreamingProxy_69KXW9S24YBCUDXFAJ8H28IH8_126_0_0_0
 |   |- Actor Package: /Game/__ExternalActors__/StarterContent/TTT/TTT_level/6/GN/MBGFE2DPTT05JHTSER5QQO
[+] Content of Grid Level 1

